<?xml version="1.0" encoding="UTF-8"?>
<!-- Generated by org.testng.reporters.JUnitXMLReporter -->
<testsuite hostname="Vicky" name="Test" tests="4" failures="0" timestamp="14 Aug 2019 10:27:28 GMT" time="11.725" errors="0">
  <testcase name="@AfterMethod AfterMethod" time="0.0" classname="dbte.NewTest">
    <failure type="org.testng.TestNGException" message="
Method AfterMethod requires 2 parameters but 0 were supplied in the @Configuration annotation.">
      <![CDATA[org.testng.TestNGException: 
Method AfterMethod requires 2 parameters but 0 were supplied in the @Configuration annotation.
	at org.testng.internal.Parameters.checkParameterTypes(Parameters.java:191)
	at org.testng.internal.Parameters.createParameters(Parameters.java:127)
	at org.testng.internal.Parameters.createParameters(Parameters.java:376)
	at org.testng.internal.Parameters.createConfigurationParameters(Parameters.java:84)
	at org.testng.internal.Invoker.invokeConfigurations(Invoker.java:197)
	at org.testng.internal.Invoker.invokeMethod(Invoker.java:703)
	at org.testng.internal.Invoker.invokeTestMethod(Invoker.java:816)
	at org.testng.internal.Invoker.invokeTestMethods(Invoker.java:1124)
	at org.testng.internal.TestMethodWorker.invokeTestMethods(TestMethodWorker.java:125)
	at org.testng.internal.TestMethodWorker.run(TestMethodWorker.java:108)
	at org.testng.TestRunner.privateRun(TestRunner.java:774)
	at org.testng.TestRunner.run(TestRunner.java:624)
	at org.testng.SuiteRunner.runTest(SuiteRunner.java:359)
	at org.testng.SuiteRunner.runSequentially(SuiteRunner.java:354)
	at org.testng.SuiteRunner.privateRun(SuiteRunner.java:312)
	at org.testng.SuiteRunner.run(SuiteRunner.java:261)
	at org.testng.SuiteRunnerWorker.runSuite(SuiteRunnerWorker.java:52)
	at org.testng.SuiteRunnerWorker.run(SuiteRunnerWorker.java:86)
	at org.testng.TestNG.runSuitesSequentially(TestNG.java:1215)
	at org.testng.TestNG.runSuitesLocally(TestNG.java:1140)
	at org.testng.TestNG.run(TestNG.java:1048)
	at org.testng.remote.AbstractRemoteTestNG.run(AbstractRemoteTestNG.java:126)
	at org.testng.remote.RemoteTestNG.initAndRun(RemoteTestNG.java:137)
	at org.testng.remote.RemoteTestNG.main(RemoteTestNG.java:58)
]]>
    </failure>
  </testcase> <!-- @AfterMethod AfterMethod -->
  <testcase name="@BeforeMethod beforeMethod" time="0.0" classname="dbte.NewTest">
    <skipped/>
  </testcase> <!-- @BeforeMethod beforeMethod -->
  <testcase name="@AfterMethod AfterMethod" time="0.0" classname="dbte.NewTest">
    <skipped/>
  </testcase> <!-- @AfterMethod AfterMethod -->
  <testcase name="@BeforeMethod beforeMethod" time="0.0" classname="dbte.NewTest">
    <skipped/>
  </testcase> <!-- @BeforeMethod beforeMethod -->
  <testcase name="@AfterMethod AfterMethod" time="0.0" classname="dbte.NewTest">
    <skipped/>
  </testcase> <!-- @AfterMethod AfterMethod -->
  <testcase name="@BeforeMethod beforeMethod" time="0.0" classname="dbte.NewTest">
    <skipped/>
  </testcase> <!-- @BeforeMethod beforeMethod -->
  <testcase name="@AfterMethod AfterMethod" time="0.0" classname="dbte.NewTest">
    <skipped/>
  </testcase> <!-- @AfterMethod AfterMethod -->
  <testcase name="Facebook_Lite" time="2.505" classname="dbte.NewTest"/>
  <testcase name="Instagram" time="0.002" classname="dbte.NewTest">
    <skipped/>
  </testcase> <!-- Instagram -->
  <testcase name="Messanger" time="0.002" classname="dbte.NewTest">
    <skipped/>
  </testcase> <!-- Messanger -->
  <testcase name="signup" time="0.006" classname="dbte.NewTest">
    <skipped/>
  </testcase> <!-- signup -->
</testsuite> <!-- Test -->
